04-27-2020 18:24:49 NSOPageValidations.java INFO  [main] log statements 44 - Execution started
04-27-2020 18:24:52 CommonActions.java INFO  [main] log statements 105 - User is able to click SubmitRequest
04-27-2020 18:24:53 CommonActions.java INFO  [main] log statements 139 - User is able to enter textClientName1186 for ClientName
04-27-2020 18:24:54 CommonActions.java INFO  [main] log statements 139 - User is able to enter textOpportunityName71 for OpportunityName
04-27-2020 18:24:54 CommonActions.java INFO  [main] log statements 139 - User is able to enter text1355 for CRMid
04-27-2020 18:24:54 CommonActions.java INFO  [main] log statements 105 - User is able to click SalesStage
04-27-2020 18:24:54 CommonActions.java INFO  [main] log statements 105 - User is able to click SalesStageOpt
04-27-2020 18:24:55 CommonActions.java INFO  [main] log statements 105 - User is able to click MeetingHeld
04-27-2020 18:24:55 CommonActions.java INFO  [main] log statements 105 - User is able to click MeetingHeldOpt
04-27-2020 18:24:55 CommonActions.java INFO  [main] log statements 139 - User is able to enter textConsulting; for ServiceLine
04-27-2020 18:24:56 CommonActions.java INFO  [main] log statements 105 - User is able to click DeloittePrime
04-27-2020 18:24:56 CommonActions.java INFO  [main] log statements 105 - User is able to click DeloittePrimeOpt
04-27-2020 18:24:57 CommonActions.java ERROR [main] log statements 116 - User is not able to click UploadFile
04-27-2020 18:24:57 CommonActions.java INFO  [main] log statements 139 - User is able to enter text1024 for EstimatedRevenue
04-27-2020 18:24:58 CommonActions.java INFO  [main] log statements 105 - User is able to click ClosingDate
04-27-2020 18:24:58 CommonActions.java INFO  [main] log statements 105 - User is able to click SelectedDate
04-27-2020 18:25:00 CommonActions.java ERROR [main] log statements 116 - User is not able to click LeadEngagementPartner
04-27-2020 18:25:00 CommonActions.java INFO  [main] log statements 378 - User is able to clear text from LeadEngagementPartner
04-27-2020 18:25:01 CommonActions.java INFO  [main] log statements 139 - User is able to enter textsmadduru@deloitte.ca for LeadEngagementPartner
04-27-2020 18:25:03 CommonActions.java INFO  [main] log statements 620 - User is able to select textenter for LeadEngagementPartner
04-27-2020 18:25:03 CommonActions.java INFO  [main] log statements 105 - User is able to click PartnerOffice
04-27-2020 18:25:03 CommonActions.java INFO  [main] log statements 105 - User is able to click PartnerOfficeOpt
04-27-2020 18:25:04 CommonActions.java ERROR [main] log statements 116 - User is not able to click SrManager
04-27-2020 18:25:05 CommonActions.java INFO  [main] log statements 139 - User is able to enter textsmadduru@deloitte.ca for SrManager
04-27-2020 18:25:07 CommonActions.java INFO  [main] log statements 620 - User is able to select textenter for SrManager
04-27-2020 18:25:15 CommonActions.java INFO  [main] log statements 105 - User is able to click SubmitButton
04-27-2020 18:25:56 CommonActions.java ERROR [main] log statements 116 - User is not able to click Ok
04-27-2020 18:25:57 CommonActions.java INFO  [main] log statements 105 - User is able to click HomePage
04-27-2020 18:25:59 CommonActions.java INFO  [main] log statements 105 - User is able to click ViewRequest
04-27-2020 18:26:02 CommonActions.java INFO  [main] log statements 105 - User is able to click DetailedView
04-27-2020 18:26:02 CommonActions.java INFO  [main] log statements 105 - User is able to click DetailedViewOpenMenu
04-27-2020 18:26:04 CommonActions.java INFO  [main] log statements 105 - User is able to click ViewItem
04-27-2020 18:26:05 CommonActions.java INFO  [main] log statements 105 - User is able to click CloseViewItem
04-27-2020 18:26:06 CommonActions.java INFO  [main] log statements 105 - User is able to click HomePage
04-27-2020 18:26:09 CommonActions.java INFO  [main] log statements 105 - User is able to click PursuitResources
04-27-2020 18:26:10 CommonActions.java INFO  [main] log statements 105 - User is able to click NewDocument
04-27-2020 18:26:14 CommonActions.java INFO  [main] log statements 352 - User is able to switch to frame UploadIframe
04-27-2020 18:26:14 CommonActions.java INFO  [main] log statements 105 - User is able to click ChooseFile
04-27-2020 18:26:24 CommonActions.java INFO  [main] log statements 105 - User is able to click Ok
04-27-2020 18:26:24 CommonActions.java INFO  [main] log statements 105 - User is able to click ContentType
04-27-2020 18:26:24 CommonActions.java INFO  [main] log statements 105 - User is able to click Language
04-27-2020 18:26:27 CommonActions.java INFO  [main] log statements 105 - User is able to click Save
04-27-2020 18:26:28 CommonActions.java INFO  [main] log statements 139 - User is able to enter textTest for SearchInput
04-27-2020 18:26:28 CommonActions.java INFO  [main] log statements 105 - User is able to click Search
04-27-2020 18:26:29 CommonActions.java INFO  [main] log statements 105 - User is able to click HomePage
04-27-2020 18:26:31 CommonActions.java INFO  [main] log statements 105 - User is able to click AccountManagerResources
04-27-2020 18:26:32 CommonActions.java INFO  [main] log statements 105 - User is able to click NewDocument
04-27-2020 18:26:36 CommonActions.java INFO  [main] log statements 352 - User is able to switch to frame UploadIframe
04-27-2020 18:26:36 CommonActions.java INFO  [main] log statements 105 - User is able to click ChooseFile
04-27-2020 18:26:45 CommonActions.java INFO  [main] log statements 105 - User is able to click Ok
04-27-2020 18:26:45 CommonActions.java INFO  [main] log statements 105 - User is able to click ContentType
04-27-2020 18:26:45 CommonActions.java INFO  [main] log statements 105 - User is able to click Language
04-27-2020 18:26:49 CommonActions.java INFO  [main] log statements 105 - User is able to click Save
04-27-2020 18:26:49 CommonActions.java INFO  [main] log statements 139 - User is able to enter textTest for SearchInput
04-27-2020 18:26:49 CommonActions.java INFO  [main] log statements 105 - User is able to click Search
04-27-2020 18:26:51 CommonActions.java INFO  [main] log statements 105 - User is able to click HomePage
04-27-2020 18:26:55 CommonActions.java INFO  [main] log statements 105 - User is able to click NavigateToInternalSite
04-27-2020 18:27:01 CommonActions.java INFO  [main] log statements 105 - User is able to click Toolkit
04-27-2020 18:27:02 CommonActions.java INFO  [main] log statements 105 - User is able to click NewDocument
04-27-2020 18:27:06 CommonActions.java INFO  [main] log statements 352 - User is able to switch to frame UploadIframe
04-27-2020 18:27:06 CommonActions.java INFO  [main] log statements 105 - User is able to click ChooseFile
04-27-2020 18:27:16 CommonActions.java INFO  [main] log statements 105 - User is able to click Ok
04-27-2020 18:27:16 CommonActions.java INFO  [main] log statements 105 - User is able to click ContentType
04-27-2020 18:27:16 CommonActions.java INFO  [main] log statements 105 - User is able to click Language
04-27-2020 18:27:17 CommonActions.java INFO  [main] log statements 105 - User is able to click Save
04-27-2020 18:27:23 CommonActions.java INFO  [main] log statements 139 - User is able to enter textTest for SearchInput
04-27-2020 18:27:23 CommonActions.java INFO  [main] log statements 105 - User is able to click Search
04-27-2020 18:27:26 CommonActions.java INFO  [main] log statements 105 - User is able to click HomePage
04-27-2020 18:27:30 CommonActions.java INFO  [main] log statements 105 - User is able to click Administration
04-27-2020 18:27:30 CommonActions.java INFO  [main] log statements 105 - User is able to click NewDocument
04-27-2020 18:27:35 CommonActions.java INFO  [main] log statements 352 - User is able to switch to frame UploadIframe
04-27-2020 18:27:35 CommonActions.java INFO  [main] log statements 105 - User is able to click ChooseFile
04-27-2020 18:27:43 CommonActions.java INFO  [main] log statements 105 - User is able to click Ok
04-27-2020 18:27:43 CommonActions.java INFO  [main] log statements 105 - User is able to click ContentType
04-27-2020 18:27:43 CommonActions.java INFO  [main] log statements 105 - User is able to click Language
04-27-2020 18:27:46 CommonActions.java INFO  [main] log statements 105 - User is able to click Save
04-27-2020 18:27:46 CommonActions.java INFO  [main] log statements 139 - User is able to enter textTest for SearchInput
04-27-2020 18:27:47 CommonActions.java INFO  [main] log statements 105 - User is able to click Search
04-27-2020 18:27:48 CommonActions.java INFO  [main] log statements 105 - User is able to click HomePage
04-27-2020 18:27:51 CommonActions.java INFO  [main] log statements 105 - User is able to click PursuitManagement
04-27-2020 18:27:52 CommonActions.java INFO  [main] log statements 105 - User is able to click NewDocument
04-27-2020 18:27:56 CommonActions.java INFO  [main] log statements 352 - User is able to switch to frame UploadIframe
04-27-2020 18:27:57 CommonActions.java INFO  [main] log statements 105 - User is able to click ChooseFile
04-27-2020 18:28:04 CommonActions.java INFO  [main] log statements 105 - User is able to click Ok
04-27-2020 18:28:04 CommonActions.java INFO  [main] log statements 105 - User is able to click ContentType
04-27-2020 18:28:05 CommonActions.java INFO  [main] log statements 105 - User is able to click Language
04-27-2020 18:28:07 CommonActions.java INFO  [main] log statements 105 - User is able to click Save
04-27-2020 18:28:08 CommonActions.java INFO  [main] log statements 139 - User is able to enter textTest for SearchInput
04-27-2020 18:28:08 CommonActions.java INFO  [main] log statements 105 - User is able to click Search
04-27-2020 18:28:10 CommonActions.java INFO  [main] log statements 105 - User is able to click HomePage
04-27-2020 18:28:12 CommonActions.java INFO  [main] log statements 105 - User is able to click AccountManagement
04-27-2020 18:28:13 CommonActions.java INFO  [main] log statements 105 - User is able to click NewDocument
04-27-2020 18:28:17 CommonActions.java INFO  [main] log statements 352 - User is able to switch to frame UploadIframe
04-27-2020 18:28:17 CommonActions.java INFO  [main] log statements 105 - User is able to click ChooseFile
04-27-2020 18:28:26 CommonActions.java INFO  [main] log statements 105 - User is able to click Ok
04-27-2020 18:28:26 CommonActions.java INFO  [main] log statements 105 - User is able to click ContentType
04-27-2020 18:28:26 CommonActions.java INFO  [main] log statements 105 - User is able to click Language
04-27-2020 18:28:29 CommonActions.java INFO  [main] log statements 105 - User is able to click Save
04-27-2020 18:28:30 CommonActions.java INFO  [main] log statements 139 - User is able to enter textTest for SearchInput
04-27-2020 18:28:30 CommonActions.java INFO  [main] log statements 105 - User is able to click Search
04-27-2020 18:28:31 CommonActions.java INFO  [main] log statements 105 - User is able to click HomePage
04-27-2020 18:28:34 CommonActions.java INFO  [main] log statements 105 - User is able to click Calendar
04-27-2020 18:28:35 CommonActions.java INFO  [main] log statements 105 - User is able to click HomePage
04-27-2020 18:28:38 CommonActions.java INFO  [main] log statements 105 - User is able to click ViewRequestInternal
04-27-2020 18:28:39 CommonActions.java INFO  [main] log statements 105 - User is able to click DetailedViewOpenMenu
04-27-2020 18:28:41 CommonActions.java INFO  [main] log statements 105 - User is able to click EditItem
04-27-2020 18:28:42 CommonActions.java INFO  [main] log statements 105 - User is able to click ClientPortfolio
04-27-2020 18:28:42 CommonActions.java INFO  [main] log statements 105 - User is able to click ClientPortfolioOpt
04-27-2020 18:28:42 CommonActions.java INFO  [main] log statements 139 - User is able to enter text1338 for SolicitationNumber
04-27-2020 18:28:42 CommonActions.java INFO  [main] log statements 139 - User is able to enter textIndustry for Industry
04-27-2020 18:28:43 CommonActions.java INFO  [main] log statements 105 - User is able to click DeloittePrivate
04-27-2020 18:28:43 CommonActions.java INFO  [main] log statements 105 - User is able to click DeloittePrivateOpt
04-27-2020 18:28:43 CommonActions.java INFO  [main] log statements 105 - User is able to click SolicitationType
04-27-2020 18:28:44 CommonActions.java ERROR [main] log statements 116 - User is not able to click SolicitationTypeObj
04-27-2020 18:28:44 CommonActions.java INFO  [main] log statements 105 - User is able to click ExistingContract
04-27-2020 18:28:44 CommonActions.java INFO  [main] log statements 105 - User is able to click ExistingContractOpt
04-27-2020 18:28:45 CommonActions.java INFO  [main] log statements 105 - User is able to click OpportunityType
04-27-2020 18:28:45 CommonActions.java INFO  [main] log statements 105 - User is able to click OpportunityTypeOpt
04-27-2020 18:28:45 CommonActions.java ERROR [main] log statements 116 - User is not able to click ServicePartner
04-27-2020 18:28:46 CommonActions.java INFO  [main] log statements 139 - User is able to enter textsmadduru@deloitte.ca for ServicePartner
04-27-2020 18:28:47 CommonActions.java INFO  [main] log statements 105 - User is able to click MarketPlace
04-27-2020 18:28:47 CommonActions.java INFO  [main] log statements 105 - User is able to click MarketPlaceOpt
04-27-2020 18:28:47 CommonActions.java INFO  [main] log statements 105 - User is able to click Qualifications
04-27-2020 18:28:47 CommonActions.java INFO  [main] log statements 139 - User is able to enter textSample-789 for Qualifications
04-27-2020 18:28:51 CommonActions.java INFO  [main] log statements 105 - User is able to click Save
04-27-2020 18:28:54 NSOPageValidations.java INFO  [main] log statements 58 - Execution stopped
