04-27-2020 14:45:55 NSOPageValidations.java INFO  [main] log statements 40 - Execution started
04-27-2020 14:45:58 CommonActions.java INFO  [main] log statements 104 - User is able to click SubmitRequest
04-27-2020 14:45:58 CommonActions.java INFO  [main] log statements 138 - User is able to enter textClientName317 for ClientName
04-27-2020 14:45:59 CommonActions.java INFO  [main] log statements 138 - User is able to enter textOpportunityName62 for OpportunityName
04-27-2020 14:45:59 CommonActions.java INFO  [main] log statements 138 - User is able to enter text566 for CRMid
04-27-2020 14:46:00 CommonActions.java INFO  [main] log statements 104 - User is able to click SalesStage
04-27-2020 14:46:00 CommonActions.java INFO  [main] log statements 104 - User is able to click SalesStageOpt
04-27-2020 14:46:00 CommonActions.java INFO  [main] log statements 104 - User is able to click MeetingHeld
04-27-2020 14:46:00 CommonActions.java INFO  [main] log statements 104 - User is able to click MeetingHeldOpt
04-27-2020 14:46:01 CommonActions.java INFO  [main] log statements 138 - User is able to enter textConsulting; for ServiceLine
04-27-2020 14:46:01 CommonActions.java INFO  [main] log statements 104 - User is able to click DeloittePrime
04-27-2020 14:46:01 CommonActions.java INFO  [main] log statements 104 - User is able to click DeloittePrimeOpt
04-27-2020 14:46:02 CommonActions.java ERROR [main] log statements 115 - User is not able to click UploadFile
04-27-2020 14:46:02 CommonActions.java INFO  [main] log statements 138 - User is able to enter text582 for EstimatedRevenue
04-27-2020 14:46:03 CommonActions.java INFO  [main] log statements 104 - User is able to click ClosingDate
04-27-2020 14:46:03 CommonActions.java INFO  [main] log statements 104 - User is able to click SelectedDate
04-27-2020 14:46:04 CommonActions.java INFO  [main] log statements 104 - User is able to click LeadEngagementPartner
04-27-2020 14:46:04 CommonActions.java ERROR [main] log statements 149 - User is not able to enter textsowri for LeadEngagementPartner
04-27-2020 14:46:25 CommonActions.java ERROR [main] log statements 115 - User is not able to click EngagementPartnerInput
04-27-2020 14:46:46 CommonActions.java ERROR [main] log statements 149 - User is not able to enter textSowri for EngagementPartnerInput
04-27-2020 14:46:46 CommonActions.java INFO  [main] log statements 104 - User is able to click PartnerOffice
04-27-2020 14:46:46 CommonActions.java INFO  [main] log statements 104 - User is able to click PartnerOfficeOpt
04-27-2020 14:46:46 CommonActions.java INFO  [main] log statements 104 - User is able to click SrManager
04-27-2020 14:46:47 CommonActions.java ERROR [main] log statements 149 - User is not able to enter textsowri for SrManager
