04-27-2020 14:26:15 NSOPageValidations.java INFO  [main] log statements 40 - Execution started
04-27-2020 14:26:18 CommonActions.java INFO  [main] log statements 104 - User is able to click SubmitRequest
04-27-2020 14:26:18 CommonActions.java INFO  [main] log statements 138 - User is able to enter textClientName295 for ClientName
04-27-2020 14:26:19 CommonActions.java INFO  [main] log statements 138 - User is able to enter textOpportunityName120 for OpportunityName
04-27-2020 14:26:19 CommonActions.java INFO  [main] log statements 138 - User is able to enter text778 for CRMid
04-27-2020 14:26:19 CommonActions.java INFO  [main] log statements 104 - User is able to click SalesStage
04-27-2020 14:26:20 CommonActions.java INFO  [main] log statements 104 - User is able to click SalesStageOpt
04-27-2020 14:26:20 CommonActions.java INFO  [main] log statements 104 - User is able to click MeetingHeld
04-27-2020 14:26:20 CommonActions.java INFO  [main] log statements 104 - User is able to click MeetingHeldOpt
04-27-2020 14:26:20 CommonActions.java INFO  [main] log statements 138 - User is able to enter textConsulting; for ServiceLine
04-27-2020 14:26:21 CommonActions.java INFO  [main] log statements 104 - User is able to click DeloittePrime
04-27-2020 14:26:21 CommonActions.java INFO  [main] log statements 104 - User is able to click DeloittePrimeOpt
04-27-2020 14:26:22 CommonActions.java ERROR [main] log statements 115 - User is not able to click UploadFile
04-27-2020 14:26:22 CommonActions.java INFO  [main] log statements 138 - User is able to enter text643 for EstimatedRevenue
04-27-2020 14:26:22 CommonActions.java INFO  [main] log statements 104 - User is able to click ClosingDate
04-27-2020 14:26:23 CommonActions.java INFO  [main] log statements 104 - User is able to click SelectedDate
04-27-2020 14:26:23 CommonActions.java INFO  [main] log statements 104 - User is able to click LeadEngagementPartner
04-27-2020 14:26:44 CommonActions.java ERROR [main] log statements 115 - User is not able to click EngagementPartnerInput
04-27-2020 14:27:04 CommonActions.java ERROR [main] log statements 149 - User is not able to enter textEngagementPartner for EngagementPartnerInput
04-27-2020 14:27:04 CommonActions.java INFO  [main] log statements 104 - User is able to click PartnerOffice
04-27-2020 14:27:05 CommonActions.java INFO  [main] log statements 104 - User is able to click PartnerOfficeOpt
04-27-2020 14:27:05 CommonActions.java INFO  [main] log statements 104 - User is able to click SrManager
04-27-2020 14:27:25 CommonActions.java ERROR [main] log statements 115 - User is not able to click SrManagerInput
04-27-2020 14:27:46 CommonActions.java ERROR [main] log statements 149 - User is not able to enter textSr Manager for SrManagerInput
04-27-2020 14:27:46 CommonActions.java INFO  [main] log statements 104 - User is able to click SubmitButton
04-27-2020 14:27:58 CommonActions.java INFO  [main] log statements 104 - User is able to click ViewRequest
04-27-2020 14:28:10 NSOPageValidations.java INFO  [main] log statements 53 - Execution stopped
