04-27-2020 15:06:46 NSOPageValidations.java INFO  [main] log statements 40 - Execution started
04-27-2020 15:06:49 CommonActions.java INFO  [main] log statements 104 - User is able to click SubmitRequest
04-27-2020 15:06:50 CommonActions.java INFO  [main] log statements 138 - User is able to enter textClientName691 for ClientName
04-27-2020 15:06:50 CommonActions.java INFO  [main] log statements 138 - User is able to enter textOpportunityName1279 for OpportunityName
04-27-2020 15:06:50 CommonActions.java INFO  [main] log statements 138 - User is able to enter text1178 for CRMid
04-27-2020 15:06:51 CommonActions.java INFO  [main] log statements 104 - User is able to click SalesStage
04-27-2020 15:06:51 CommonActions.java INFO  [main] log statements 104 - User is able to click SalesStageOpt
04-27-2020 15:06:51 CommonActions.java INFO  [main] log statements 104 - User is able to click MeetingHeld
04-27-2020 15:06:51 CommonActions.java INFO  [main] log statements 104 - User is able to click MeetingHeldOpt
04-27-2020 15:06:51 CommonActions.java INFO  [main] log statements 138 - User is able to enter textConsulting; for ServiceLine
04-27-2020 15:06:52 CommonActions.java INFO  [main] log statements 104 - User is able to click DeloittePrime
04-27-2020 15:06:52 CommonActions.java INFO  [main] log statements 104 - User is able to click DeloittePrimeOpt
04-27-2020 15:06:53 CommonActions.java ERROR [main] log statements 115 - User is not able to click UploadFile
04-27-2020 15:06:53 CommonActions.java INFO  [main] log statements 138 - User is able to enter text1219 for EstimatedRevenue
04-27-2020 15:06:53 CommonActions.java INFO  [main] log statements 104 - User is able to click ClosingDate
04-27-2020 15:06:54 CommonActions.java INFO  [main] log statements 104 - User is able to click SelectedDate
04-27-2020 15:06:54 CommonActions.java INFO  [main] log statements 104 - User is able to click LeadEngagementPartner
04-27-2020 15:07:15 CommonActions.java ERROR [main] log statements 376 - User is not able to text from LeadEngagementPartner
04-27-2020 15:07:29 CommonActions.java ERROR [main] log statements 149 - User is not able to enter textsowri for LeadEngagementPartner
04-27-2020 15:07:50 CommonActions.java ERROR [main] log statements 115 - User is not able to click EngagementPartnerInput
04-27-2020 15:08:11 CommonActions.java ERROR [main] log statements 149 - User is not able to enter textSowri for EngagementPartnerInput
04-27-2020 15:08:11 CommonActions.java INFO  [main] log statements 104 - User is able to click PartnerOffice
04-27-2020 15:08:11 CommonActions.java INFO  [main] log statements 104 - User is able to click PartnerOfficeOpt
04-27-2020 15:08:11 CommonActions.java INFO  [main] log statements 104 - User is able to click SrManager
04-27-2020 15:08:32 CommonActions.java ERROR [main] log statements 115 - User is not able to click SrManagerInput
04-27-2020 15:08:52 CommonActions.java ERROR [main] log statements 149 - User is not able to enter textSr Manager for SrManagerInput
04-27-2020 15:08:53 CommonActions.java INFO  [main] log statements 104 - User is able to click SubmitButton
