04-27-2020 18:19:00 NSOPageValidations.java INFO  [main] log statements 44 - Execution started
04-27-2020 18:19:04 CommonActions.java INFO  [main] log statements 105 - User is able to click SubmitRequest
04-27-2020 18:19:05 CommonActions.java INFO  [main] log statements 139 - User is able to enter textClientName1336 for ClientName
04-27-2020 18:19:05 CommonActions.java INFO  [main] log statements 139 - User is able to enter textOpportunityName1176 for OpportunityName
04-27-2020 18:19:06 CommonActions.java INFO  [main] log statements 139 - User is able to enter text1349 for CRMid
04-27-2020 18:19:06 CommonActions.java INFO  [main] log statements 105 - User is able to click SalesStage
04-27-2020 18:19:06 CommonActions.java INFO  [main] log statements 105 - User is able to click SalesStageOpt
04-27-2020 18:19:06 CommonActions.java INFO  [main] log statements 105 - User is able to click MeetingHeld
04-27-2020 18:19:07 CommonActions.java INFO  [main] log statements 105 - User is able to click MeetingHeldOpt
04-27-2020 18:19:07 CommonActions.java INFO  [main] log statements 139 - User is able to enter textConsulting; for ServiceLine
04-27-2020 18:19:08 CommonActions.java INFO  [main] log statements 105 - User is able to click DeloittePrime
04-27-2020 18:19:08 CommonActions.java INFO  [main] log statements 105 - User is able to click DeloittePrimeOpt
04-27-2020 18:19:09 CommonActions.java ERROR [main] log statements 116 - User is not able to click UploadFile
04-27-2020 18:19:09 CommonActions.java INFO  [main] log statements 139 - User is able to enter text1051 for EstimatedRevenue
04-27-2020 18:19:09 CommonActions.java INFO  [main] log statements 105 - User is able to click ClosingDate
04-27-2020 18:19:10 CommonActions.java INFO  [main] log statements 105 - User is able to click SelectedDate
04-27-2020 18:19:10 CommonActions.java ERROR [main] log statements 116 - User is not able to click LeadEngagementPartner
04-27-2020 18:19:11 CommonActions.java INFO  [main] log statements 378 - User is able to clear text from LeadEngagementPartner
04-27-2020 18:19:11 CommonActions.java INFO  [main] log statements 139 - User is able to enter textsmadduru@deloitte.ca for LeadEngagementPartner
04-27-2020 18:19:13 CommonActions.java INFO  [main] log statements 620 - User is able to select textenter for LeadEngagementPartner
04-27-2020 18:19:14 CommonActions.java INFO  [main] log statements 105 - User is able to click PartnerOffice
04-27-2020 18:19:14 CommonActions.java INFO  [main] log statements 105 - User is able to click PartnerOfficeOpt
04-27-2020 18:19:14 CommonActions.java ERROR [main] log statements 116 - User is not able to click SrManager
04-27-2020 18:19:15 CommonActions.java INFO  [main] log statements 139 - User is able to enter textsmadduru@deloitte.ca for SrManager
04-27-2020 18:19:17 CommonActions.java INFO  [main] log statements 620 - User is able to select textenter for SrManager
04-27-2020 18:19:24 CommonActions.java INFO  [main] log statements 105 - User is able to click SubmitButton
04-27-2020 18:20:05 CommonActions.java ERROR [main] log statements 116 - User is not able to click Ok
04-27-2020 18:20:06 CommonActions.java INFO  [main] log statements 105 - User is able to click HomePage
04-27-2020 18:20:09 CommonActions.java INFO  [main] log statements 105 - User is able to click ViewRequest
04-27-2020 18:20:12 CommonActions.java INFO  [main] log statements 105 - User is able to click DetailedView
04-27-2020 18:20:12 CommonActions.java INFO  [main] log statements 105 - User is able to click DetailedViewOpenMenu
04-27-2020 18:20:14 CommonActions.java INFO  [main] log statements 105 - User is able to click ViewItem
04-27-2020 18:20:14 CommonActions.java INFO  [main] log statements 105 - User is able to click CloseViewItem
04-27-2020 18:20:15 CommonActions.java INFO  [main] log statements 105 - User is able to click HomePage
04-27-2020 18:20:18 CommonActions.java INFO  [main] log statements 105 - User is able to click PursuitResources
04-27-2020 18:20:18 CommonActions.java INFO  [main] log statements 105 - User is able to click NewDocument
04-27-2020 18:20:22 CommonActions.java INFO  [main] log statements 352 - User is able to switch to frame UploadIframe
04-27-2020 18:20:23 CommonActions.java INFO  [main] log statements 105 - User is able to click ChooseFile
04-27-2020 18:20:31 CommonActions.java INFO  [main] log statements 105 - User is able to click Ok
04-27-2020 18:20:31 CommonActions.java INFO  [main] log statements 105 - User is able to click ContentType
04-27-2020 18:20:31 CommonActions.java INFO  [main] log statements 105 - User is able to click Language
04-27-2020 18:20:32 CommonActions.java INFO  [main] log statements 105 - User is able to click Save
04-27-2020 18:20:35 CommonActions.java INFO  [main] log statements 139 - User is able to enter textTest for SearchInput
04-27-2020 18:20:35 CommonActions.java INFO  [main] log statements 105 - User is able to click Search
04-27-2020 18:20:37 CommonActions.java INFO  [main] log statements 105 - User is able to click HomePage
04-27-2020 18:20:39 CommonActions.java INFO  [main] log statements 105 - User is able to click AccountManagerResources
04-27-2020 18:20:40 CommonActions.java INFO  [main] log statements 105 - User is able to click NewDocument
04-27-2020 18:20:44 CommonActions.java INFO  [main] log statements 352 - User is able to switch to frame UploadIframe
04-27-2020 18:20:44 CommonActions.java INFO  [main] log statements 105 - User is able to click ChooseFile
04-27-2020 18:20:51 CommonActions.java INFO  [main] log statements 105 - User is able to click Ok
04-27-2020 18:20:52 CommonActions.java INFO  [main] log statements 105 - User is able to click ContentType
04-27-2020 18:20:52 CommonActions.java INFO  [main] log statements 105 - User is able to click Language
04-27-2020 18:20:55 CommonActions.java INFO  [main] log statements 105 - User is able to click Save
04-27-2020 18:20:55 CommonActions.java INFO  [main] log statements 139 - User is able to enter textTest for SearchInput
04-27-2020 18:20:55 CommonActions.java INFO  [main] log statements 105 - User is able to click Search
04-27-2020 18:20:57 CommonActions.java INFO  [main] log statements 105 - User is able to click HomePage
04-27-2020 18:20:58 CommonActions.java INFO  [main] log statements 105 - User is able to click NavigateToInternalSite
04-27-2020 18:21:02 CommonActions.java INFO  [main] log statements 105 - User is able to click Toolkit
04-27-2020 18:21:03 CommonActions.java INFO  [main] log statements 105 - User is able to click NewDocument
04-27-2020 18:21:07 CommonActions.java INFO  [main] log statements 352 - User is able to switch to frame UploadIframe
04-27-2020 18:21:07 CommonActions.java INFO  [main] log statements 105 - User is able to click ChooseFile
04-27-2020 18:21:15 CommonActions.java INFO  [main] log statements 105 - User is able to click Ok
04-27-2020 18:21:15 CommonActions.java INFO  [main] log statements 105 - User is able to click ContentType
04-27-2020 18:21:15 CommonActions.java INFO  [main] log statements 105 - User is able to click Language
04-27-2020 18:21:16 CommonActions.java INFO  [main] log statements 105 - User is able to click Save
04-27-2020 18:21:19 CommonActions.java INFO  [main] log statements 139 - User is able to enter textTest for SearchInput
04-27-2020 18:21:19 CommonActions.java INFO  [main] log statements 105 - User is able to click Search
04-27-2020 18:21:20 CommonActions.java INFO  [main] log statements 105 - User is able to click HomePage
