04-27-2020 15:09:59 NSOPageValidations.java INFO  [main] log statements 40 - Execution started
04-27-2020 15:10:04 CommonActions.java INFO  [main] log statements 104 - User is able to click SubmitRequest
04-27-2020 15:10:04 CommonActions.java INFO  [main] log statements 138 - User is able to enter textClientName10 for ClientName
04-27-2020 15:10:05 CommonActions.java INFO  [main] log statements 138 - User is able to enter textOpportunityName755 for OpportunityName
04-27-2020 15:10:05 CommonActions.java INFO  [main] log statements 138 - User is able to enter text353 for CRMid
04-27-2020 15:10:06 CommonActions.java INFO  [main] log statements 104 - User is able to click SalesStage
04-27-2020 15:10:06 CommonActions.java INFO  [main] log statements 104 - User is able to click SalesStageOpt
04-27-2020 15:10:06 CommonActions.java INFO  [main] log statements 104 - User is able to click MeetingHeld
04-27-2020 15:10:06 CommonActions.java INFO  [main] log statements 104 - User is able to click MeetingHeldOpt
04-27-2020 15:10:06 CommonActions.java INFO  [main] log statements 138 - User is able to enter textConsulting; for ServiceLine
04-27-2020 15:10:07 CommonActions.java INFO  [main] log statements 104 - User is able to click DeloittePrime
04-27-2020 15:10:07 CommonActions.java INFO  [main] log statements 104 - User is able to click DeloittePrimeOpt
04-27-2020 15:10:08 CommonActions.java ERROR [main] log statements 115 - User is not able to click UploadFile
04-27-2020 15:10:08 CommonActions.java INFO  [main] log statements 138 - User is able to enter text1110 for EstimatedRevenue
04-27-2020 15:10:08 CommonActions.java INFO  [main] log statements 104 - User is able to click ClosingDate
04-27-2020 15:10:09 CommonActions.java INFO  [main] log statements 104 - User is able to click SelectedDate
04-27-2020 15:10:10 CommonActions.java ERROR [main] log statements 115 - User is not able to click LeadEngagementPartner
04-27-2020 15:10:10 CommonActions.java INFO  [main] log statements 367 - User is able to clear text from LeadEngagementPartner
04-27-2020 15:10:10 CommonActions.java INFO  [main] log statements 138 - User is able to enter textsowri for LeadEngagementPartner
04-27-2020 15:10:31 CommonActions.java ERROR [main] log statements 115 - User is not able to click EngagementPartnerInput
04-27-2020 15:10:47 CommonActions.java INFO  [main] log statements 138 - User is able to enter textSowri for EngagementPartnerInput
