04-27-2020 19:39:26 NSOPageValidations.java INFO  [main] log statements 44 - Execution started
04-27-2020 19:39:30 CommonActions.java INFO  [main] log statements 105 - User is able to click SubmitRequest
04-27-2020 19:39:30 CommonActions.java INFO  [main] log statements 139 - User is able to enter textClientName1202 for ClientName
04-27-2020 19:39:31 CommonActions.java INFO  [main] log statements 139 - User is able to enter textOpportunityName1224 for OpportunityName
04-27-2020 19:39:31 CommonActions.java INFO  [main] log statements 139 - User is able to enter text1150 for CRMid
04-27-2020 19:39:32 CommonActions.java INFO  [main] log statements 105 - User is able to click SalesStage
04-27-2020 19:39:32 CommonActions.java INFO  [main] log statements 105 - User is able to click SalesStageOpt
04-27-2020 19:39:32 CommonActions.java INFO  [main] log statements 105 - User is able to click MeetingHeld
04-27-2020 19:39:32 CommonActions.java INFO  [main] log statements 105 - User is able to click MeetingHeldOpt
04-27-2020 19:39:33 CommonActions.java INFO  [main] log statements 139 - User is able to enter textConsulting; for ServiceLine
04-27-2020 19:39:33 CommonActions.java INFO  [main] log statements 105 - User is able to click DeloittePrime
04-27-2020 19:39:33 CommonActions.java INFO  [main] log statements 105 - User is able to click DeloittePrimeOpt
04-27-2020 19:39:34 CommonActions.java ERROR [main] log statements 116 - User is not able to click UploadFile
04-27-2020 19:39:34 CommonActions.java INFO  [main] log statements 139 - User is able to enter text506 for EstimatedRevenue
04-27-2020 19:39:35 CommonActions.java INFO  [main] log statements 105 - User is able to click ClosingDate
04-27-2020 19:39:35 CommonActions.java INFO  [main] log statements 105 - User is able to click SelectedDate
04-27-2020 19:39:36 CommonActions.java ERROR [main] log statements 116 - User is not able to click LeadEngagementPartner
04-27-2020 19:39:36 CommonActions.java INFO  [main] log statements 378 - User is able to clear text from LeadEngagementPartner
04-27-2020 19:39:37 CommonActions.java INFO  [main] log statements 139 - User is able to enter textsmadduru@deloitte.ca for LeadEngagementPartner
04-27-2020 19:39:39 CommonActions.java INFO  [main] log statements 620 - User is able to select textenter for LeadEngagementPartner
04-27-2020 19:39:39 CommonActions.java INFO  [main] log statements 105 - User is able to click PartnerOffice
04-27-2020 19:39:40 CommonActions.java INFO  [main] log statements 105 - User is able to click PartnerOfficeOpt
04-27-2020 19:39:40 CommonActions.java ERROR [main] log statements 116 - User is not able to click SrManager
04-27-2020 19:39:41 CommonActions.java INFO  [main] log statements 139 - User is able to enter textsmadduru@deloitte.ca for SrManager
04-27-2020 19:39:43 CommonActions.java INFO  [main] log statements 620 - User is able to select textenter for SrManager
04-27-2020 19:39:50 CommonActions.java INFO  [main] log statements 105 - User is able to click SubmitButton
04-27-2020 19:39:50 CommonActions.java INFO  [main] log statements 352 - User is able to switch to frame IframeOk
04-27-2020 19:39:51 CommonActions.java INFO  [main] log statements 105 - User is able to click Ok
04-27-2020 19:39:52 CommonActions.java INFO  [main] log statements 105 - User is able to click HomePage
04-27-2020 19:39:56 CommonActions.java INFO  [main] log statements 105 - User is able to click ViewRequest
