04-27-2020 18:10:34 NSOPageValidations.java INFO  [main] log statements 44 - Execution started
04-27-2020 18:10:39 CommonActions.java INFO  [main] log statements 105 - User is able to click SubmitRequest
04-27-2020 18:10:39 CommonActions.java INFO  [main] log statements 139 - User is able to enter textClientName1267 for ClientName
04-27-2020 18:10:40 CommonActions.java INFO  [main] log statements 139 - User is able to enter textOpportunityName947 for OpportunityName
04-27-2020 18:10:40 CommonActions.java INFO  [main] log statements 139 - User is able to enter text1321 for CRMid
04-27-2020 18:10:41 CommonActions.java INFO  [main] log statements 105 - User is able to click SalesStage
04-27-2020 18:10:41 CommonActions.java INFO  [main] log statements 105 - User is able to click SalesStageOpt
04-27-2020 18:10:41 CommonActions.java INFO  [main] log statements 105 - User is able to click MeetingHeld
04-27-2020 18:10:42 CommonActions.java INFO  [main] log statements 105 - User is able to click MeetingHeldOpt
04-27-2020 18:10:42 CommonActions.java INFO  [main] log statements 139 - User is able to enter textConsulting; for ServiceLine
04-27-2020 18:10:42 CommonActions.java INFO  [main] log statements 105 - User is able to click DeloittePrime
04-27-2020 18:10:43 CommonActions.java INFO  [main] log statements 105 - User is able to click DeloittePrimeOpt
04-27-2020 18:10:44 CommonActions.java ERROR [main] log statements 116 - User is not able to click UploadFile
04-27-2020 18:10:44 CommonActions.java INFO  [main] log statements 139 - User is able to enter text58 for EstimatedRevenue
04-27-2020 18:10:44 CommonActions.java INFO  [main] log statements 105 - User is able to click ClosingDate
04-27-2020 18:10:45 CommonActions.java INFO  [main] log statements 105 - User is able to click SelectedDate
04-27-2020 18:10:46 CommonActions.java ERROR [main] log statements 116 - User is not able to click LeadEngagementPartner
04-27-2020 18:10:46 CommonActions.java INFO  [main] log statements 378 - User is able to clear text from LeadEngagementPartner
04-27-2020 18:10:46 CommonActions.java INFO  [main] log statements 139 - User is able to enter textsmadduru@deloitte.ca for LeadEngagementPartner
04-27-2020 18:10:48 CommonActions.java INFO  [main] log statements 620 - User is able to select textenter for LeadEngagementPartner
04-27-2020 18:10:49 CommonActions.java INFO  [main] log statements 105 - User is able to click PartnerOffice
04-27-2020 18:10:49 CommonActions.java INFO  [main] log statements 105 - User is able to click PartnerOfficeOpt
04-27-2020 18:10:50 CommonActions.java ERROR [main] log statements 116 - User is not able to click SrManager
04-27-2020 18:10:51 CommonActions.java INFO  [main] log statements 139 - User is able to enter textsmadduru@deloitte.ca for SrManager
04-27-2020 18:10:53 CommonActions.java INFO  [main] log statements 620 - User is able to select textenter for SrManager
04-27-2020 18:11:00 CommonActions.java INFO  [main] log statements 105 - User is able to click SubmitButton
04-27-2020 18:11:42 CommonActions.java ERROR [main] log statements 116 - User is not able to click Ok
04-27-2020 18:11:43 CommonActions.java INFO  [main] log statements 105 - User is able to click HomePage
04-27-2020 18:11:46 CommonActions.java INFO  [main] log statements 105 - User is able to click ViewRequest
04-27-2020 18:11:49 CommonActions.java INFO  [main] log statements 105 - User is able to click DetailedView
04-27-2020 18:11:50 CommonActions.java INFO  [main] log statements 105 - User is able to click DetailedViewOpenMenu
04-27-2020 18:11:51 CommonActions.java INFO  [main] log statements 105 - User is able to click ViewItem
04-27-2020 18:11:52 CommonActions.java INFO  [main] log statements 105 - User is able to click CloseViewItem
04-27-2020 18:11:54 CommonActions.java INFO  [main] log statements 105 - User is able to click HomePage
04-27-2020 18:11:57 CommonActions.java INFO  [main] log statements 105 - User is able to click PursuitResources
04-27-2020 18:11:58 CommonActions.java INFO  [main] log statements 105 - User is able to click NewDocument
04-27-2020 18:12:02 CommonActions.java INFO  [main] log statements 352 - User is able to switch to frame UploadIframe
04-27-2020 18:12:03 CommonActions.java INFO  [main] log statements 105 - User is able to click ChooseFile
04-27-2020 18:12:11 CommonActions.java INFO  [main] log statements 105 - User is able to click Ok
04-27-2020 18:12:11 CommonActions.java INFO  [main] log statements 105 - User is able to click ContentType
04-27-2020 18:12:11 CommonActions.java INFO  [main] log statements 105 - User is able to click Language
04-27-2020 18:12:14 CommonActions.java INFO  [main] log statements 105 - User is able to click Save
04-27-2020 18:12:14 CommonActions.java INFO  [main] log statements 139 - User is able to enter textTest for SearchInput
04-27-2020 18:12:15 CommonActions.java INFO  [main] log statements 105 - User is able to click Search
04-27-2020 18:12:16 CommonActions.java INFO  [main] log statements 105 - User is able to click HomePage
04-27-2020 18:12:18 CommonActions.java INFO  [main] log statements 105 - User is able to click AccountManagerResources
04-27-2020 18:12:19 CommonActions.java INFO  [main] log statements 105 - User is able to click NewDocument
04-27-2020 18:12:23 CommonActions.java INFO  [main] log statements 352 - User is able to switch to frame UploadIframe
04-27-2020 18:12:23 CommonActions.java INFO  [main] log statements 105 - User is able to click ChooseFile
04-27-2020 18:12:31 CommonActions.java INFO  [main] log statements 105 - User is able to click Ok
04-27-2020 18:12:31 CommonActions.java INFO  [main] log statements 105 - User is able to click ContentType
04-27-2020 18:12:31 CommonActions.java INFO  [main] log statements 105 - User is able to click Language
04-27-2020 18:12:34 CommonActions.java INFO  [main] log statements 105 - User is able to click Save
04-27-2020 18:12:34 CommonActions.java INFO  [main] log statements 139 - User is able to enter textTest for SearchInput
04-27-2020 18:12:34 CommonActions.java INFO  [main] log statements 105 - User is able to click Search
04-27-2020 18:12:35 CommonActions.java INFO  [main] log statements 105 - User is able to click HomePage
04-27-2020 18:12:37 CommonActions.java INFO  [main] log statements 105 - User is able to click NavigateToInternalSite
04-27-2020 18:12:40 CommonActions.java INFO  [main] log statements 105 - User is able to click Toolkit
04-27-2020 18:12:41 CommonActions.java INFO  [main] log statements 105 - User is able to click NewDocument
04-27-2020 18:12:45 CommonActions.java INFO  [main] log statements 352 - User is able to switch to frame UploadIframe
04-27-2020 18:12:45 CommonActions.java INFO  [main] log statements 105 - User is able to click ChooseFile
04-27-2020 18:12:53 CommonActions.java INFO  [main] log statements 105 - User is able to click Ok
04-27-2020 18:12:53 CommonActions.java INFO  [main] log statements 105 - User is able to click ContentType
04-27-2020 18:12:53 CommonActions.java INFO  [main] log statements 105 - User is able to click Language
04-27-2020 18:12:57 CommonActions.java INFO  [main] log statements 105 - User is able to click Save
04-27-2020 18:12:57 CommonActions.java INFO  [main] log statements 139 - User is able to enter textTest for SearchInput
04-27-2020 18:12:57 CommonActions.java INFO  [main] log statements 105 - User is able to click Search
04-27-2020 18:12:59 CommonActions.java INFO  [main] log statements 105 - User is able to click HomePage
04-27-2020 18:13:40 CommonActions.java ERROR [main] log statements 116 - User is not able to click Records
04-27-2020 18:14:21 CommonActions.java ERROR [main] log statements 116 - User is not able to click NewDocument
04-27-2020 18:14:46 CommonActions.java INFO  [main] log statements 352 - User is able to switch to frame UploadIframe
04-27-2020 18:14:46 CommonActions.java INFO  [main] log statements 105 - User is able to click ChooseFile
04-27-2020 18:14:54 CommonActions.java INFO  [main] log statements 105 - User is able to click Ok
04-27-2020 18:14:54 CommonActions.java INFO  [main] log statements 105 - User is able to click ContentType
04-27-2020 18:14:54 CommonActions.java INFO  [main] log statements 105 - User is able to click Language
04-27-2020 18:14:58 CommonActions.java INFO  [main] log statements 105 - User is able to click Save
04-27-2020 18:14:59 CommonActions.java INFO  [main] log statements 139 - User is able to enter textTest for SearchInput
04-27-2020 18:14:59 CommonActions.java INFO  [main] log statements 105 - User is able to click Search
04-27-2020 18:15:02 CommonActions.java INFO  [main] log statements 105 - User is able to click HomePage
04-27-2020 18:15:43 CommonActions.java ERROR [main] log statements 116 - User is not able to click Administration
