04-27-2020 15:02:16 NSOPageValidations.java INFO  [main] log statements 40 - Execution started
04-27-2020 15:02:20 CommonActions.java INFO  [main] log statements 104 - User is able to click SubmitRequest
04-27-2020 15:02:20 CommonActions.java INFO  [main] log statements 138 - User is able to enter textClientName468 for ClientName
04-27-2020 15:02:21 CommonActions.java INFO  [main] log statements 138 - User is able to enter textOpportunityName357 for OpportunityName
04-27-2020 15:02:21 CommonActions.java INFO  [main] log statements 138 - User is able to enter text573 for CRMid
04-27-2020 15:02:21 CommonActions.java INFO  [main] log statements 104 - User is able to click SalesStage
04-27-2020 15:02:21 CommonActions.java INFO  [main] log statements 104 - User is able to click SalesStageOpt
04-27-2020 15:02:22 CommonActions.java INFO  [main] log statements 104 - User is able to click MeetingHeld
04-27-2020 15:02:22 CommonActions.java INFO  [main] log statements 104 - User is able to click MeetingHeldOpt
04-27-2020 15:02:22 CommonActions.java INFO  [main] log statements 138 - User is able to enter textConsulting; for ServiceLine
04-27-2020 15:02:23 CommonActions.java INFO  [main] log statements 104 - User is able to click DeloittePrime
04-27-2020 15:02:23 CommonActions.java INFO  [main] log statements 104 - User is able to click DeloittePrimeOpt
04-27-2020 15:02:24 CommonActions.java ERROR [main] log statements 115 - User is not able to click UploadFile
04-27-2020 15:02:24 CommonActions.java INFO  [main] log statements 138 - User is able to enter text403 for EstimatedRevenue
04-27-2020 15:02:25 CommonActions.java INFO  [main] log statements 104 - User is able to click ClosingDate
04-27-2020 15:02:25 CommonActions.java INFO  [main] log statements 104 - User is able to click SelectedDate
04-27-2020 15:02:25 CommonActions.java INFO  [main] log statements 104 - User is able to click LeadEngagementPartner
04-27-2020 15:02:26 CommonActions.java ERROR [main] log statements 376 - User is not able to text from LeadEngagementPartner
04-27-2020 15:02:27 CommonActions.java ERROR [main] log statements 149 - User is not able to enter textsowri for LeadEngagementPartner
04-27-2020 15:02:47 CommonActions.java ERROR [main] log statements 115 - User is not able to click EngagementPartnerInput
04-27-2020 15:03:08 CommonActions.java ERROR [main] log statements 149 - User is not able to enter textSowri for EngagementPartnerInput
04-27-2020 15:03:08 CommonActions.java INFO  [main] log statements 104 - User is able to click PartnerOffice
04-27-2020 15:03:08 CommonActions.java INFO  [main] log statements 104 - User is able to click PartnerOfficeOpt
04-27-2020 15:03:08 CommonActions.java INFO  [main] log statements 104 - User is able to click SrManager
04-27-2020 15:03:29 CommonActions.java ERROR [main] log statements 115 - User is not able to click SrManagerInput
04-27-2020 15:03:50 CommonActions.java ERROR [main] log statements 149 - User is not able to enter textSr Manager for SrManagerInput
04-27-2020 15:03:50 CommonActions.java INFO  [main] log statements 104 - User is able to click SubmitButton
04-27-2020 15:04:31 CommonActions.java ERROR [main] log statements 115 - User is not able to click ViewRequest
04-27-2020 15:05:12 CommonActions.java ERROR [main] log statements 115 - User is not able to click DetailedView
04-27-2020 15:05:53 CommonActions.java ERROR [main] log statements 115 - User is not able to click DetailedViewOpenMenu
