04-27-2020 18:39:59 NSOPageValidations.java INFO  [main] log statements 44 - Execution started
04-27-2020 18:40:04 CommonActions.java INFO  [main] log statements 105 - User is able to click SubmitRequest
04-27-2020 18:40:05 CommonActions.java INFO  [main] log statements 139 - User is able to enter textClientName348 for ClientName
04-27-2020 18:40:05 CommonActions.java INFO  [main] log statements 139 - User is able to enter textOpportunityName1352 for OpportunityName
04-27-2020 18:40:05 CommonActions.java INFO  [main] log statements 139 - User is able to enter text190 for CRMid
04-27-2020 18:40:06 CommonActions.java INFO  [main] log statements 105 - User is able to click SalesStage
04-27-2020 18:40:06 CommonActions.java INFO  [main] log statements 105 - User is able to click SalesStageOpt
04-27-2020 18:40:06 CommonActions.java INFO  [main] log statements 105 - User is able to click MeetingHeld
04-27-2020 18:40:06 CommonActions.java INFO  [main] log statements 105 - User is able to click MeetingHeldOpt
04-27-2020 18:40:07 CommonActions.java INFO  [main] log statements 139 - User is able to enter textConsulting; for ServiceLine
04-27-2020 18:40:07 CommonActions.java INFO  [main] log statements 105 - User is able to click DeloittePrime
04-27-2020 18:40:07 CommonActions.java INFO  [main] log statements 105 - User is able to click DeloittePrimeOpt
04-27-2020 18:40:08 CommonActions.java ERROR [main] log statements 116 - User is not able to click UploadFile
04-27-2020 18:40:08 CommonActions.java INFO  [main] log statements 139 - User is able to enter text844 for EstimatedRevenue
04-27-2020 18:40:09 CommonActions.java INFO  [main] log statements 105 - User is able to click ClosingDate
04-27-2020 18:40:09 CommonActions.java INFO  [main] log statements 105 - User is able to click SelectedDate
04-27-2020 18:40:10 CommonActions.java ERROR [main] log statements 116 - User is not able to click LeadEngagementPartner
04-27-2020 18:40:10 CommonActions.java INFO  [main] log statements 378 - User is able to clear text from LeadEngagementPartner
04-27-2020 18:40:11 CommonActions.java INFO  [main] log statements 139 - User is able to enter textsmadduru@deloitte.ca for LeadEngagementPartner
04-27-2020 18:40:13 CommonActions.java INFO  [main] log statements 620 - User is able to select textenter for LeadEngagementPartner
04-27-2020 18:40:13 CommonActions.java INFO  [main] log statements 105 - User is able to click PartnerOffice
04-27-2020 18:40:14 CommonActions.java INFO  [main] log statements 105 - User is able to click PartnerOfficeOpt
04-27-2020 18:40:14 CommonActions.java ERROR [main] log statements 116 - User is not able to click SrManager
04-27-2020 18:40:15 CommonActions.java INFO  [main] log statements 139 - User is able to enter textsmadduru@deloitte.ca for SrManager
04-27-2020 18:40:17 CommonActions.java INFO  [main] log statements 620 - User is able to select textenter for SrManager
04-27-2020 18:40:25 CommonActions.java INFO  [main] log statements 105 - User is able to click SubmitButton
04-27-2020 18:41:07 CommonActions.java ERROR [main] log statements 357 - User is not able to switch to frameIframeOk
