04-27-2020 14:23:19 NSOPageValidations.java INFO  [main] log statements 40 - Execution started
04-27-2020 14:23:23 CommonActions.java INFO  [main] log statements 104 - User is able to click SubmitRequest
04-27-2020 14:23:24 CommonActions.java INFO  [main] log statements 138 - User is able to enter textClientName262 for ClientName
04-27-2020 14:23:24 CommonActions.java INFO  [main] log statements 138 - User is able to enter textOpportunityName947 for OpportunityName
04-27-2020 14:23:24 CommonActions.java INFO  [main] log statements 138 - User is able to enter text313 for CRMid
04-27-2020 14:23:25 CommonActions.java INFO  [main] log statements 104 - User is able to click SalesStage
04-27-2020 14:23:25 CommonActions.java INFO  [main] log statements 104 - User is able to click SalesStageOpt
04-27-2020 14:23:25 CommonActions.java INFO  [main] log statements 104 - User is able to click MeetingHeld
04-27-2020 14:23:25 CommonActions.java INFO  [main] log statements 104 - User is able to click MeetingHeldOpt
04-27-2020 14:23:26 CommonActions.java INFO  [main] log statements 138 - User is able to enter textConsulting; for ServiceLine
04-27-2020 14:23:26 CommonActions.java INFO  [main] log statements 104 - User is able to click DeloittePrime
04-27-2020 14:23:26 CommonActions.java INFO  [main] log statements 104 - User is able to click DeloittePrimeOpt
04-27-2020 14:23:27 CommonActions.java ERROR [main] log statements 115 - User is not able to click UploadFile
04-27-2020 14:23:28 CommonActions.java INFO  [main] log statements 138 - User is able to enter text445 for EstimatedRevenue
04-27-2020 14:23:28 CommonActions.java INFO  [main] log statements 104 - User is able to click ClosingDate
04-27-2020 14:23:28 CommonActions.java INFO  [main] log statements 104 - User is able to click SelectedDate
04-27-2020 14:23:29 CommonActions.java INFO  [main] log statements 104 - User is able to click LeadEngagementPartner
04-27-2020 14:23:49 CommonActions.java ERROR [main] log statements 149 - User is not able to enter textEngagementPartner for EngagementPartnerInput
04-27-2020 14:23:49 CommonActions.java INFO  [main] log statements 104 - User is able to click PartnerOffice
04-27-2020 14:23:50 CommonActions.java INFO  [main] log statements 104 - User is able to click PartnerOfficeOpt
04-27-2020 14:23:50 CommonActions.java INFO  [main] log statements 104 - User is able to click SrManager
04-27-2020 14:24:04 CommonActions.java ERROR [main] log statements 115 - User is not able to click SrManagerInput
