04-27-2020 17:25:38 NSOPageValidations.java INFO  [main] log statements 44 - Execution started
04-27-2020 17:25:41 CommonActions.java INFO  [main] log statements 105 - User is able to click SubmitRequest
04-27-2020 17:25:42 CommonActions.java INFO  [main] log statements 139 - User is able to enter textClientName715 for ClientName
04-27-2020 17:25:42 CommonActions.java INFO  [main] log statements 139 - User is able to enter textOpportunityName1340 for OpportunityName
04-27-2020 17:25:43 CommonActions.java INFO  [main] log statements 139 - User is able to enter text657 for CRMid
04-27-2020 17:25:43 CommonActions.java INFO  [main] log statements 105 - User is able to click SalesStage
04-27-2020 17:25:43 CommonActions.java INFO  [main] log statements 105 - User is able to click SalesStageOpt
04-27-2020 17:25:43 CommonActions.java INFO  [main] log statements 105 - User is able to click MeetingHeld
04-27-2020 17:25:43 CommonActions.java INFO  [main] log statements 105 - User is able to click MeetingHeldOpt
04-27-2020 17:25:44 CommonActions.java INFO  [main] log statements 139 - User is able to enter textConsulting; for ServiceLine
04-27-2020 17:25:44 CommonActions.java INFO  [main] log statements 105 - User is able to click DeloittePrime
04-27-2020 17:25:45 CommonActions.java INFO  [main] log statements 105 - User is able to click DeloittePrimeOpt
04-27-2020 17:25:45 CommonActions.java ERROR [main] log statements 116 - User is not able to click UploadFile
04-27-2020 17:25:45 CommonActions.java INFO  [main] log statements 139 - User is able to enter text80 for EstimatedRevenue
04-27-2020 17:25:46 CommonActions.java INFO  [main] log statements 105 - User is able to click ClosingDate
04-27-2020 17:25:46 CommonActions.java INFO  [main] log statements 105 - User is able to click SelectedDate
04-27-2020 17:25:47 CommonActions.java ERROR [main] log statements 116 - User is not able to click LeadEngagementPartner
04-27-2020 17:25:47 CommonActions.java INFO  [main] log statements 378 - User is able to clear text from LeadEngagementPartner
04-27-2020 17:25:47 CommonActions.java INFO  [main] log statements 139 - User is able to enter textsowri for LeadEngagementPartner
04-27-2020 17:25:47 CommonActions.java INFO  [main] log statements 620 - User is able to select textenter for LeadEngagementPartner
04-27-2020 17:25:48 CommonActions.java INFO  [main] log statements 105 - User is able to click PartnerOffice
04-27-2020 17:25:48 CommonActions.java INFO  [main] log statements 105 - User is able to click PartnerOfficeOpt
04-27-2020 17:25:48 CommonActions.java ERROR [main] log statements 116 - User is not able to click SrManager
04-27-2020 17:25:49 CommonActions.java INFO  [main] log statements 139 - User is able to enter textsowri for SrManager
04-27-2020 17:25:49 CommonActions.java INFO  [main] log statements 620 - User is able to select textenter for SrManager
04-27-2020 17:25:50 CommonActions.java ERROR [main] log statements 116 - User is not able to click SubmitButton
04-27-2020 17:25:51 CommonActions.java INFO  [main] log statements 105 - User is able to click HomePage
04-27-2020 17:25:55 CommonActions.java INFO  [main] log statements 105 - User is able to click ViewRequest
