04-27-2020 17:27:57 NSOPageValidations.java INFO  [main] log statements 44 - Execution started
04-27-2020 17:27:59 CommonActions.java INFO  [main] log statements 105 - User is able to click SubmitRequest
04-27-2020 17:28:00 CommonActions.java INFO  [main] log statements 139 - User is able to enter textClientName1131 for ClientName
04-27-2020 17:28:01 CommonActions.java INFO  [main] log statements 139 - User is able to enter textOpportunityName274 for OpportunityName
04-27-2020 17:28:01 CommonActions.java INFO  [main] log statements 139 - User is able to enter text1063 for CRMid
04-27-2020 17:28:01 CommonActions.java INFO  [main] log statements 105 - User is able to click SalesStage
04-27-2020 17:28:01 CommonActions.java INFO  [main] log statements 105 - User is able to click SalesStageOpt
04-27-2020 17:28:02 CommonActions.java INFO  [main] log statements 105 - User is able to click MeetingHeld
04-27-2020 17:28:02 CommonActions.java INFO  [main] log statements 105 - User is able to click MeetingHeldOpt
04-27-2020 17:28:02 CommonActions.java INFO  [main] log statements 139 - User is able to enter textConsulting; for ServiceLine
04-27-2020 17:28:03 CommonActions.java INFO  [main] log statements 105 - User is able to click DeloittePrime
04-27-2020 17:28:03 CommonActions.java INFO  [main] log statements 105 - User is able to click DeloittePrimeOpt
04-27-2020 17:28:04 CommonActions.java ERROR [main] log statements 116 - User is not able to click UploadFile
04-27-2020 17:28:04 CommonActions.java INFO  [main] log statements 139 - User is able to enter text156 for EstimatedRevenue
04-27-2020 17:28:04 CommonActions.java INFO  [main] log statements 105 - User is able to click ClosingDate
04-27-2020 17:28:05 CommonActions.java INFO  [main] log statements 105 - User is able to click SelectedDate
04-27-2020 17:28:05 CommonActions.java ERROR [main] log statements 116 - User is not able to click LeadEngagementPartner
04-27-2020 17:28:06 CommonActions.java INFO  [main] log statements 378 - User is able to clear text from LeadEngagementPartner
04-27-2020 17:28:06 CommonActions.java INFO  [main] log statements 139 - User is able to enter textsmadduru@deloitte.ca for LeadEngagementPartner
04-27-2020 17:28:09 CommonActions.java INFO  [main] log statements 620 - User is able to select textenter for LeadEngagementPartner
04-27-2020 17:28:09 CommonActions.java INFO  [main] log statements 105 - User is able to click PartnerOffice
04-27-2020 17:28:09 CommonActions.java INFO  [main] log statements 105 - User is able to click PartnerOfficeOpt
04-27-2020 17:28:10 CommonActions.java ERROR [main] log statements 116 - User is not able to click SrManager
04-27-2020 17:28:11 CommonActions.java INFO  [main] log statements 139 - User is able to enter textsmadduru@deloitte.ca for SrManager
04-27-2020 17:28:13 CommonActions.java INFO  [main] log statements 620 - User is able to select textenter for SrManager
04-27-2020 17:28:18 CommonActions.java INFO  [main] log statements 105 - User is able to click SubmitButton
04-27-2020 17:28:19 CommonActions.java ERROR [main] log statements 116 - User is not able to click HomePage
04-27-2020 17:29:00 CommonActions.java ERROR [main] log statements 116 - User is not able to click ViewRequest
04-27-2020 17:29:02 CommonActions.java ERROR [main] log statements 116 - User is not able to click DetailedView
04-27-2020 17:29:03 CommonActions.java ERROR [main] log statements 116 - User is not able to click DetailedViewOpenMenu
04-27-2020 17:29:45 CommonActions.java ERROR [main] log statements 116 - User is not able to click ViewItem
04-27-2020 17:29:46 CommonActions.java INFO  [main] log statements 105 - User is able to click CloseViewItem
